<?xml version="1.0" encoding="UTF-8"?>
<!-- Generated by org.testng.reporters.JUnitReportReporter -->
<testsuite hostname="Shaik-PC" name="day27.LoginUsingPropertiesFile" tests="1" failures="0" timestamp="14 May 2017 03:38:20 GMT" time="11.424" errors="0">
  <testcase name="loginTest" time="11.424" classname="day27.LoginUsingPropertiesFile"/>
</testsuite> <!-- day27.LoginUsingPropertiesFile -->
