<?xml version="1.0" encoding="UTF-8"?>
<!-- Generated by org.testng.reporters.JUnitReportReporter -->
<testsuite hostname="Shaik-PC" name="day19.TabandPopupHandling" tests="1" failures="0" timestamp="1 May 2017 09:54:25 GMT" time="27.684" errors="0">
  <testcase name="tabAndPopupTest" time="27.684" classname="day19.TabandPopupHandling"/>
</testsuite> <!-- day19.TabandPopupHandling -->
