<?xml version="1.0" encoding="UTF-8"?>
<!-- Generated by org.testng.reporters.JUnitReportReporter -->
<testsuite hostname="Shaik-PC" name="day28.testNGsuite.Login" tests="1" failures="0" timestamp="28 May 2017 09:24:59 GMT" time="111.049" errors="0">
  <testcase name="loginTest" time="111.049" classname="day28.testNGsuite.Login"/>
</testsuite> <!-- day28.testNGsuite.Login -->
