<?xml version="1.0" encoding="UTF-8"?>
<!-- Generated by org.testng.reporters.JUnitReportReporter -->
<testsuite hostname="Shaik-PC" name="day18.WebTableCalander" tests="1" failures="0" timestamp="4 May 2017 04:58:43 GMT" time="3.205" errors="0">
  <testcase name="CalanderTest" time="3.205" classname="day18.WebTableCalander"/>
</testsuite> <!-- day18.WebTableCalander -->
