<?xml version="1.0" encoding="UTF-8"?>
<!-- Generated by org.testng.reporters.JUnitReportReporter -->
<testsuite hostname="Shaik-PC" name="day28.testNGsuite.SelectAFlight" tests="1" failures="0" timestamp="28 May 2017 09:24:59 GMT" time="2.551" errors="0">
  <testcase name="selectFlight" time="2.551" classname="day28.testNGsuite.SelectAFlight"/>
</testsuite> <!-- day28.testNGsuite.SelectAFlight -->
