<?xml version="1.0" encoding="UTF-8"?>
<!-- Generated by org.testng.reporters.JUnitReportReporter -->
<testsuite hostname="Shaik-PC" name="day36.Pom_login_Testcase" tests="1" failures="0" timestamp="26 May 2017 10:32:47 GMT" time="59.839" errors="0">
  <testcase name="loginTest" time="59.839" classname="day36.Pom_login_Testcase"/>
</testsuite> <!-- day36.Pom_login_Testcase -->
