<?xml version="1.0" encoding="UTF-8"?>
<!-- Generated by org.testng.reporters.JUnitReportReporter -->
<testsuite hostname="Shaik-PC" name="day24.WebtableExcel" tests="1" failures="0" timestamp="9 May 2017 14:04:00 GMT" time="45.125" errors="0">
  <testcase name="WebTableTest" time="45.125" classname="day24.WebtableExcel"/>
</testsuite> <!-- day24.WebtableExcel -->
