<?xml version="1.0" encoding="UTF-8"?>
<!-- Generated by org.testng.reporters.JUnitReportReporter -->
<testsuite hostname="Shaik-PC" name="day20.DragAndDrop" tests="1" failures="0" timestamp="1 May 2017 07:19:41 GMT" time="0.311" errors="0">
  <testcase name="dragAndDrop" time="0.311" classname="day20.DragAndDrop"/>
</testsuite> <!-- day20.DragAndDrop -->
