<?xml version="1.0" encoding="UTF-8"?>
<!-- Generated by org.testng.reporters.JUnitReportReporter -->
<testsuite hostname="Shaik-PC" name="day28.testNGsuite.BookAFlight" tests="1" failures="0" timestamp="28 May 2017 09:24:59 GMT" time="1.407" errors="0">
  <testcase name="bookFlight" time="1.407" classname="day28.testNGsuite.BookAFlight"/>
</testsuite> <!-- day28.testNGsuite.BookAFlight -->
