<?xml version="1.0" encoding="UTF-8"?>
<!-- Generated by org.testng.reporters.JUnitReportReporter -->
<testsuite hostname="Shaik-PC" name="day26.DatadrivenTesting2" tests="1" failures="0" timestamp="10 May 2017 12:06:42 GMT" time="128.311" errors="0">
  <testcase name="Registration" time="128.311" classname="day26.DatadrivenTesting2"/>
</testsuite> <!-- day26.DatadrivenTesting2 -->
