<?xml version="1.0" encoding="UTF-8"?>
<!-- Generated by org.testng.reporters.JUnitReportReporter -->
<testsuite hostname="Shaik-PC" name="day25.DatadrivenTesting1" tests="1" failures="0" timestamp="10 May 2017 10:27:08 GMT" time="32.994" errors="0">
  <testcase name="registration" time="32.994" classname="day25.DatadrivenTesting1"/>
</testsuite> <!-- day25.DatadrivenTesting1 -->
