<?xml version="1.0" encoding="UTF-8"?>
<!-- Generated by org.testng.reporters.JUnitReportReporter -->
<testsuite hostname="Shaik-PC" name="day22.RadioButtons" tests="1" failures="0" timestamp="3 May 2017 11:29:09 GMT" time="2.841" errors="0">
  <testcase name="radioButtonsTest" time="2.841" classname="day22.RadioButtons"/>
</testsuite> <!-- day22.RadioButtons -->
