<?xml version="1.0" encoding="UTF-8"?>
<!-- Generated by org.testng.reporters.JUnitReportReporter -->
<testsuite hostname="Shaik-PC" name="day20.MouseHover" tests="1" failures="0" timestamp="1 May 2017 06:43:49 GMT" time="1.479" errors="0">
  <testcase name="mouseHoverTest" time="1.479" classname="day20.MouseHover"/>
</testsuite> <!-- day20.MouseHover -->
