<?xml version="1.0" encoding="UTF-8"?>
<!-- Generated by org.testng.reporters.JUnitReportReporter -->
<testsuite hostname="Shaik-PC" name="day27.LoginUsingkeywords" tests="1" failures="0" timestamp="14 May 2017 06:16:18 GMT" time="94.968" errors="0">
  <testcase name="loginTest" time="94.968" classname="day27.LoginUsingkeywords"/>
</testsuite> <!-- day27.LoginUsingkeywords -->
