<?xml version="1.0" encoding="UTF-8"?>
<!-- Generated by org.testng.reporters.JUnitReportReporter -->
<testsuite hostname="Shaik-PC" name="day22.HiddenElementClick" tests="1" failures="0" timestamp="3 May 2017 11:20:54 GMT" time="0.234" errors="0">
  <testcase name="hiddenElementTest" time="0.234" classname="day22.HiddenElementClick"/>
</testsuite> <!-- day22.HiddenElementClick -->
