<?xml version="1.0" encoding="UTF-8"?>
<!-- Generated by org.testng.reporters.JUnitReportReporter -->
<testsuite hostname="Shaik-PC" name="day22.AlertHandling" tests="1" failures="0" timestamp="3 May 2017 11:26:15 GMT" time="4.976" errors="0">
  <testcase name="alertTest" time="4.976" classname="day22.AlertHandling"/>
</testsuite> <!-- day22.AlertHandling -->
